<?xml version="1.0" encoding="UTF-8"?>
<!-- Generated by org.testng.reporters.JUnitReportReporter -->
<testsuite hostname="TestingWorld-PC" name="org.hcl.testcases.TC_001_Login_ValidCredentials" tests="4" failures="0" timestamp="29 Jan 2017 04:34:29 GMT" time="46.261" errors="0">
  <testcase name="loginWithValidCredentials" time="12.257" classname="org.hcl.testcases.TC_001_Login_ValidCredentials"/>
  <testcase name="loginWithValidCredentials" time="11.571" classname="org.hcl.testcases.TC_001_Login_ValidCredentials"/>
  <testcase name="loginWithValidCredentials" time="11.441" classname="org.hcl.testcases.TC_001_Login_ValidCredentials"/>
  <testcase name="loginWithValidCredentials" time="10.992" classname="org.hcl.testcases.TC_001_Login_ValidCredentials"/>
</testsuite> <!-- org.hcl.testcases.TC_001_Login_ValidCredentials -->
